# JRE version: OpenJDK Runtime Environment (11.0.12+7) (build 11.0.12+7-b1504.28-7817840)
# Java VM: OpenJDK 64-Bit Server VM (11.0.12+7-b1504.28-7817840, mixed mode, tiered, compressed oops, g1 gc, windows-amd64)
Heap:
 garbage-first heap   total 408576K, used 238440K [0x0000000700a00000, 0x0000000800000000)
  region size 1024K, 56 young (57344K), 8 survivors (8192K)
 Metaspace       used 195991K, capacity 200259K, committed 200500K, reserved 1224704K
  class space    used 24020K, capacity 25576K, committed 25616K, reserved 1048576K
GC Heap History (20 events):
Event: 77.311 GC heap before
{Heap before GC invocations=25 (full 0):
 garbage-first heap   total 408576K, used 282880K [0x0000000700a00000, 0x0000000800000000)
  region size 1024K, 62 young (63488K), 4 survivors (4096K)
 Metaspace       used 125838K, capacity 129079K, committed 129844K, reserved 1161216K
  class space    used 15933K, capacity 17172K, committed 17424K, reserved 1048576K
}
Event: 77.327 GC heap after
{Heap after GC invocations=26 (full 0):
 garbage-first heap   total 408576K, used 233005K [0x0000000700a00000, 0x0000000800000000)
  region size 1024K, 12 young (12288K), 12 survivors (12288K)
 Metaspace       used 125838K, capacity 129079K, committed 129844K, reserved 1161216K
  class space    used 15933K, capacity 17172K, committed 17424K, reserved 1048576K
}
Event: 78.839 GC heap before
{Heap before GC invocations=27 (full 0):
 garbage-first heap   total 408576K, used 326189K [0x0000000700a00000, 0x0000000800000000)
  region size 1024K, 92 young (94208K), 12 survivors (12288K)
 Metaspace       used 128655K, capacity 131865K, committed 132404K, reserved 1165312K
  class space    used 16213K, capacity 17452K, committed 17680K, reserved 1048576K
}
Event: 78.858 GC heap after
{Heap after GC invocations=28 (full 0):
 garbage-first heap   total 408576K, used 224579K [0x0000000700a00000, 0x0000000800000000)
  region size 1024K, 6 young (6144K), 6 survivors (6144K)
 Metaspace       used 128655K, capacity 131865K, committed 132404K, reserved 1165312K
  class space    used 16213K, capacity 17452K, committed 17680K, reserved 1048576K
}
Event: 80.660 GC heap before
{Heap before GC invocations=28 (full 0):
 garbage-first heap   total 408576K, used 243011K [0x0000000700a00000, 0x0000000800000000)
  region size 1024K, 25 young (25600K), 6 survivors (6144K)
 Metaspace       used 130504K, capacity 133857K, committed 134196K, reserved 1165312K
  class space    used 16422K, capacity 17701K, committed 17936K, reserved 1048576K
}
Event: 80.669 GC heap after
{Heap after GC invocations=29 (full 0):
 garbage-first heap   total 408576K, used 227457K [0x0000000700a00000, 0x0000000800000000)
  region size 1024K, 9 young (9216K), 9 survivors (9216K)
 Metaspace       used 130504K, capacity 133857K, committed 134196K, reserved 1165312K
  class space    used 16422K, capacity 17701K, committed 17936K, reserved 1048576K
}
Event: 86.312 GC heap before
{Heap before GC invocations=30 (full 0):
 garbage-first heap   total 408576K, used 309377K [0x0000000700a00000, 0x0000000800000000)
  region size 1024K, 86 young (88064K), 9 survivors (9216K)
 Metaspace       used 143831K, capacity 147499K, committed 147764K, reserved 1177600K
  class space    used 18272K, capacity 19604K, committed 19728K, reserved 1048576K
}
Event: 86.325 GC heap after
{Heap after GC invocations=31 (full 0):
 garbage-first heap   total 408576K, used 205097K [0x0000000700a00000, 0x0000000800000000)
  region size 1024K, 10 young (10240K), 10 survivors (10240K)
 Metaspace       used 143831K, capacity 147499K, committed 147764K, reserved 1177600K
  class space    used 18272K, capacity 19604K, committed 19728K, reserved 1048576K
}
Event: 86.829 GC heap before
{Heap before GC invocations=31 (full 0):
 garbage-first heap   total 408576K, used 213289K [0x0000000700a00000, 0x0000000800000000)
  region size 1024K, 19 young (19456K), 10 survivors (10240K)
 Metaspace       used 145733K, capacity 149365K, committed 149684K, reserved 1179648K
  class space    used 18668K, capacity 19990K, committed 20112K, reserved 1048576K
}
Event: 86.846 GC heap after
{Heap after GC invocations=32 (full 0):
 garbage-first heap   total 408576K, used 170116K [0x0000000700a00000, 0x0000000800000000)
  region size 1024K, 2 young (2048K), 2 survivors (2048K)
 Metaspace       used 145733K, capacity 149365K, committed 149684K, reserved 1179648K
  class space    used 18668K, capacity 19990K, committed 20112K, reserved 1048576K
}
Event: 87.565 GC heap before
{Heap before GC invocations=32 (full 0):
 garbage-first heap   total 408576K, used 186500K [0x0000000700a00000, 0x0000000800000000)
  region size 1024K, 19 young (19456K), 2 survivors (2048K)
 Metaspace       used 148788K, capacity 152412K, committed 152756K, reserved 1181696K
  class space    used 18938K, capacity 20279K, committed 20368K, reserved 1048576K
}
Event: 87.575 GC heap after
{Heap after GC invocations=33 (full 0):
 garbage-first heap   total 408576K, used 166773K [0x0000000700a00000, 0x0000000800000000)
  region size 1024K, 3 young (3072K), 3 survivors (3072K)
 Metaspace       used 148788K, capacity 152412K, committed 152756K, reserved 1181696K
  class space    used 18938K, capacity 20279K, committed 20368K, reserved 1048576K
}
Event: 92.111 GC heap before
{Heap before GC invocations=33 (full 0):
 garbage-first heap   total 408576K, used 280437K [0x0000000700a00000, 0x0000000800000000)
  region size 1024K, 111 young (113664K), 3 survivors (3072K)
 Metaspace       used 163954K, capacity 167877K, committed 168244K, reserved 1196032K
  class space    used 20465K, capacity 21919K, committed 22032K, reserved 1048576K
}
Event: 92.125 GC heap after
{Heap after GC invocations=34 (full 0):
 garbage-first heap   total 408576K, used 179810K [0x0000000700a00000, 0x0000000800000000)
  region size 1024K, 14 young (14336K), 14 survivors (14336K)
 Metaspace       used 163954K, capacity 167877K, committed 168244K, reserved 1196032K
  class space    used 20465K, capacity 21919K, committed 22032K, reserved 1048576K
}
Event: 97.279 GC heap before
{Heap before GC invocations=34 (full 0):
 garbage-first heap   total 408576K, used 290402K [0x0000000700a00000, 0x0000000800000000)
  region size 1024K, 122 young (124928K), 14 survivors (14336K)
 Metaspace       used 173009K, capacity 177016K, committed 177204K, reserved 1204224K
  class space    used 21252K, capacity 22729K, committed 22800K, reserved 1048576K
}
Event: 97.306 GC heap after
{Heap after GC invocations=35 (full 0):
 garbage-first heap   total 408576K, used 194985K [0x0000000700a00000, 0x0000000800000000)
  region size 1024K, 15 young (15360K), 15 survivors (15360K)
 Metaspace       used 173009K, capacity 177016K, committed 177204K, reserved 1204224K
  class space    used 21252K, capacity 22729K, committed 22800K, reserved 1048576K
}
Event: 101.434 GC heap before
{Heap before GC invocations=35 (full 0):
 garbage-first heap   total 408576K, used 301481K [0x0000000700a00000, 0x0000000800000000)
  region size 1024K, 120 young (122880K), 15 survivors (15360K)
 Metaspace       used 187313K, capacity 191516K, committed 191540K, reserved 1216512K
  class space    used 23296K, capacity 24826K, committed 24848K, reserved 1048576K
}
Event: 101.459 GC heap after
{Heap after GC invocations=36 (full 0):
 garbage-first heap   total 408576K, used 202166K [0x0000000700a00000, 0x0000000800000000)
  region size 1024K, 7 young (7168K), 7 survivors (7168K)
 Metaspace       used 187313K, capacity 191516K, committed 191540K, reserved 1216512K
  class space    used 23296K, capacity 24826K, committed 24848K, reserved 1048576K
}
Event: 102.446 GC heap before
{Heap before GC invocations=36 (full 0):
 garbage-first heap   total 408576K, used 221622K [0x0000000700a00000, 0x0000000800000000)
  region size 1024K, 28 young (28672K), 7 survivors (7168K)
 Metaspace       used 192691K, capacity 196895K, committed 197172K, reserved 1220608K
  class space    used 23716K, capacity 25275K, committed 25360K, reserved 1048576K
}
Event: 102.456 GC heap after
{Heap after GC invocations=37 (full 0):
 garbage-first heap   total 408576K, used 202600K [0x0000000700a00000, 0x0000000800000000)
  region size 1024K, 8 young (8192K), 8 survivors (8192K)
 Metaspace       used 192691K, capacity 196895K, committed 197172K, reserved 1220608K
  class space    used 23716K, capacity 25275K, committed 25360K, reserved 1048576K
}

