# JRE version: OpenJDK Runtime Environment (11.0.12+7) (build 11.0.12+7-b1504.28-7817840)
# Java VM: OpenJDK 64-Bit Server VM (11.0.12+7-b1504.28-7817840, mixed mode, tiered, compressed oops, g1 gc, windows-amd64)
Heap:
 garbage-first heap   total 389120K, used 239743K [0x0000000700a00000, 0x0000000800000000)
  region size 1024K, 67 young (68608K), 11 survivors (11264K)
 Metaspace       used 167346K, capacity 171275K, committed 171556K, reserved 1198080K
  class space    used 20758K, capacity 22216K, committed 22272K, reserved 1048576K
GC Heap History (20 events):
Event: 91.865 GC heap before
{Heap before GC invocations=33 (full 0):
 garbage-first heap   total 323584K, used 268874K [0x0000000700a00000, 0x0000000800000000)
  region size 1024K, 42 young (43008K), 2 survivors (2048K)
 Metaspace       used 132120K, capacity 135412K, committed 135844K, reserved 1167360K
  class space    used 16578K, capacity 17839K, committed 18048K, reserved 1048576K
}
Event: 91.875 GC heap after
{Heap after GC invocations=34 (full 0):
 garbage-first heap   total 323584K, used 232704K [0x0000000700a00000, 0x0000000800000000)
  region size 1024K, 6 young (6144K), 6 survivors (6144K)
 Metaspace       used 132120K, capacity 135412K, committed 135844K, reserved 1167360K
  class space    used 16578K, capacity 17839K, committed 18048K, reserved 1048576K
}
Event: 91.896 GC heap before
{Heap before GC invocations=34 (full 0):
 garbage-first heap   total 323584K, used 241920K [0x0000000700a00000, 0x0000000800000000)
  region size 1024K, 15 young (15360K), 6 survivors (6144K)
 Metaspace       used 132132K, capacity 135478K, committed 136100K, reserved 1167360K
  class space    used 16578K, capacity 17839K, committed 18048K, reserved 1048576K
}
Event: 91.904 GC heap after
{Heap after GC invocations=35 (full 0):
 garbage-first heap   total 323584K, used 234263K [0x0000000700a00000, 0x0000000800000000)
  region size 1024K, 2 young (2048K), 2 survivors (2048K)
 Metaspace       used 132132K, capacity 135478K, committed 136100K, reserved 1167360K
  class space    used 16578K, capacity 17839K, committed 18048K, reserved 1048576K
}
Event: 91.927 GC heap before
{Heap before GC invocations=35 (full 0):
 garbage-first heap   total 323584K, used 250647K [0x0000000700a00000, 0x0000000800000000)
  region size 1024K, 19 young (19456K), 2 survivors (2048K)
 Metaspace       used 132132K, capacity 135478K, committed 136100K, reserved 1167360K
  class space    used 16578K, capacity 17839K, committed 18048K, reserved 1048576K
}
Event: 91.934 GC heap after
{Heap after GC invocations=36 (full 0):
 garbage-first heap   total 323584K, used 237673K [0x0000000700a00000, 0x0000000800000000)
  region size 1024K, 5 young (5120K), 5 survivors (5120K)
 Metaspace       used 132132K, capacity 135478K, committed 136100K, reserved 1167360K
  class space    used 16578K, capacity 17839K, committed 18048K, reserved 1048576K
}
Event: 92.178 GC heap before
{Heap before GC invocations=36 (full 0):
 garbage-first heap   total 323584K, used 278633K [0x0000000700a00000, 0x0000000800000000)
  region size 1024K, 33 young (33792K), 5 survivors (5120K)
 Metaspace       used 132208K, capacity 135504K, committed 136100K, reserved 1167360K
  class space    used 16578K, capacity 17839K, committed 18048K, reserved 1048576K
}
Event: 92.187 GC heap after
{Heap after GC invocations=37 (full 0):
 garbage-first heap   total 323584K, used 255027K [0x0000000700a00000, 0x0000000800000000)
  region size 1024K, 5 young (5120K), 5 survivors (5120K)
 Metaspace       used 132208K, capacity 135504K, committed 136100K, reserved 1167360K
  class space    used 16578K, capacity 17839K, committed 18048K, reserved 1048576K
}
Event: 92.492 GC heap before
{Heap before GC invocations=37 (full 0):
 garbage-first heap   total 323584K, used 275507K [0x0000000700a00000, 0x0000000800000000)
  region size 1024K, 25 young (25600K), 5 survivors (5120K)
 Metaspace       used 132425K, capacity 135699K, committed 136100K, reserved 1167360K
  class space    used 16597K, capacity 17840K, committed 18048K, reserved 1048576K
}
Event: 92.498 GC heap after
{Heap after GC invocations=38 (full 0):
 garbage-first heap   total 389120K, used 255867K [0x0000000700a00000, 0x0000000800000000)
  region size 1024K, 1 young (1024K), 1 survivors (1024K)
 Metaspace       used 132425K, capacity 135699K, committed 136100K, reserved 1167360K
  class space    used 16597K, capacity 17840K, committed 18048K, reserved 1048576K
}
Event: 93.660 GC heap before
{Heap before GC invocations=39 (full 0):
 garbage-first heap   total 389120K, used 293755K [0x0000000700a00000, 0x0000000800000000)
  region size 1024K, 40 young (40960K), 1 survivors (1024K)
 Metaspace       used 135521K, capacity 138937K, committed 139300K, reserved 1171456K
  class space    used 16982K, capacity 18293K, committed 18432K, reserved 1048576K
}
Event: 93.666 GC heap after
{Heap after GC invocations=40 (full 0):
 garbage-first heap   total 389120K, used 256216K [0x0000000700a00000, 0x0000000800000000)
  region size 1024K, 2 young (2048K), 2 survivors (2048K)
 Metaspace       used 135521K, capacity 138937K, committed 139300K, reserved 1171456K
  class space    used 16982K, capacity 18293K, committed 18432K, reserved 1048576K
}
Event: 97.798 GC heap before
{Heap before GC invocations=41 (full 0):
 garbage-first heap   total 389120K, used 295128K [0x0000000700a00000, 0x0000000800000000)
  region size 1024K, 53 young (54272K), 2 survivors (2048K)
 Metaspace       used 142528K, capacity 146157K, committed 146340K, reserved 1177600K
  class space    used 17959K, capacity 19285K, committed 19328K, reserved 1048576K
}
Event: 97.809 GC heap after
{Heap after GC invocations=42 (full 0):
 garbage-first heap   total 389120K, used 221888K [0x0000000700a00000, 0x0000000800000000)
  region size 1024K, 6 young (6144K), 6 survivors (6144K)
 Metaspace       used 142528K, capacity 146157K, committed 146340K, reserved 1177600K
  class space    used 17959K, capacity 19285K, committed 19328K, reserved 1048576K
}
Event: 99.386 GC heap before
{Heap before GC invocations=42 (full 0):
 garbage-first heap   total 389120K, used 234176K [0x0000000700a00000, 0x0000000800000000)
  region size 1024K, 19 young (19456K), 6 survivors (6144K)
 Metaspace       used 145797K, capacity 149493K, committed 149668K, reserved 1179648K
  class space    used 18460K, capacity 19800K, committed 19840K, reserved 1048576K
}
Event: 99.401 GC heap after
{Heap after GC invocations=43 (full 0):
 garbage-first heap   total 389120K, used 186501K [0x0000000700a00000, 0x0000000800000000)
  region size 1024K, 2 young (2048K), 2 survivors (2048K)
 Metaspace       used 145797K, capacity 149493K, committed 149668K, reserved 1179648K
  class space    used 18460K, capacity 19800K, committed 19840K, reserved 1048576K
}
Event: 101.573 GC heap before
{Heap before GC invocations=43 (full 0):
 garbage-first heap   total 389120K, used 203909K [0x0000000700a00000, 0x0000000800000000)
  region size 1024K, 19 young (19456K), 2 survivors (2048K)
 Metaspace       used 149011K, capacity 152713K, committed 152868K, reserved 1181696K
  class space    used 19030K, capacity 20381K, committed 20480K, reserved 1048576K
}
Event: 101.593 GC heap after
{Heap after GC invocations=44 (full 0):
 garbage-first heap   total 389120K, used 173502K [0x0000000700a00000, 0x0000000800000000)
  region size 1024K, 3 young (3072K), 3 survivors (3072K)
 Metaspace       used 149011K, capacity 152713K, committed 152868K, reserved 1181696K
  class space    used 19030K, capacity 20381K, committed 20480K, reserved 1048576K
}
Event: 109.055 GC heap before
{Heap before GC invocations=44 (full 0):
 garbage-first heap   total 389120K, used 274878K [0x0000000700a00000, 0x0000000800000000)
  region size 1024K, 99 young (101376K), 3 survivors (3072K)
 Metaspace       used 163231K, capacity 167126K, committed 167460K, reserved 1196032K
  class space    used 20498K, capacity 21935K, committed 22016K, reserved 1048576K
}
Event: 109.067 GC heap after
{Heap after GC invocations=45 (full 0):
 garbage-first heap   total 389120K, used 183423K [0x0000000700a00000, 0x0000000800000000)
  region size 1024K, 11 young (11264K), 11 survivors (11264K)
 Metaspace       used 163231K, capacity 167126K, committed 167460K, reserved 1196032K
  class space    used 20498K, capacity 21935K, committed 22016K, reserved 1048576K
}

